<?xml version="1.0" encoding="UTF-8"?>
<!-- Generated by org.testng.reporters.JUnitReportReporter -->
<testsuite hostname="LAPTOP-50EOP4VT" failures="0" tests="1" name="testP2.TC0002__LogintestP2" time="8.550" errors="0" timestamp="2023-12-02T10:13:52 IST" skipped="0">
  <testcase classname="testP2.TC0002__LogintestP2" name="Login" time="8.550"/>
</testsuite> <!-- testP2.TC0002__LogintestP2 -->
