<?xml version="1.0" encoding="UTF-8"?>
<!-- Generated by org.testng.reporters.JUnitReportReporter -->
<testsuite hostname="LAPTOP-50EOP4VT" failures="0" tests="3" name="testP2.TC0012_NegLoginss" time="47.699" errors="0" timestamp="2023-12-01T13:58:04 IST" skipped="0">
  <testcase classname="testP2.TC0012_NegLoginss" name="Neglog" time="16.120"/>
  <testcase classname="testP2.TC0012_NegLoginss" name="Neglog" time="15.961"/>
  <testcase classname="testP2.TC0012_NegLoginss" name="Neglog" time="15.618"/>
</testsuite> <!-- testP2.TC0012_NegLoginss -->
