<?xml version="1.0" encoding="UTF-8"?>
<!-- Generated by org.testng.reporters.JUnitReportReporter -->
<testsuite hostname="LAPTOP-50EOP4VT" failures="0" tests="1" name="testP2.TC0003__OnewaytriptestP2" time="84.503" errors="0" timestamp="2023-12-09T14:43:37 IST" skipped="0">
  <testcase classname="testP2.TC0003__OnewaytriptestP2" name="oneway" time="84.503"/>
</testsuite> <!-- testP2.TC0003__OnewaytriptestP2 -->
