<?xml version="1.0" encoding="UTF-8"?>
<!-- Generated by org.testng.reporters.JUnitReportReporter -->
<testsuite hostname="LAPTOP-50EOP4VT" failures="0" tests="1" name="testP2.TC0008__invalidRoundwayP2" time="43.368" errors="0" timestamp="2023-12-01T09:45:59 IST" skipped="0">
  <testcase classname="testP2.TC0008__invalidRoundwayP2" name="invalRoundway" time="43.368"/>
</testsuite> <!-- testP2.TC0008__invalidRoundwayP2 -->
