<?xml version="1.0" encoding="UTF-8"?>
<!-- Generated by org.testng.reporters.JUnitReportReporter -->
<testsuite hostname="LAPTOP-50EOP4VT" failures="0" tests="1" name="testP2.TC0005__invalidSignin" time="26.708" errors="0" timestamp="2023-11-23T14:21:05 IST" skipped="0">
  <testcase classname="testP2.TC0005__invalidSignin" name="invalidsignin" time="26.708"/>
</testsuite> <!-- testP2.TC0005__invalidSignin -->
