<?xml version="1.0" encoding="UTF-8"?>
<!-- Generated by org.testng.reporters.JUnitReportReporter -->
<testsuite hostname="LAPTOP-50EOP4VT" failures="0" tests="3" name="testP2.TC0012_NegLoginss" time="39.874" errors="0" timestamp="2023-12-04T13:24:53 IST" skipped="0">
  <testcase classname="testP2.TC0012_NegLoginss" name="Neglog" time="13.000"/>
  <testcase classname="testP2.TC0012_NegLoginss" name="Neglog" time="13.923"/>
  <testcase classname="testP2.TC0012_NegLoginss" name="Neglog" time="12.951"/>
</testsuite> <!-- testP2.TC0012_NegLoginss -->
