<?xml version="1.0" encoding="UTF-8"?>
<!-- Generated by org.testng.reporters.JUnitReportReporter -->
<testsuite hostname="LAPTOP-50EOP4VT" failures="0" tests="3" name="testP2.TC0012_NegLoginss" time="46.776" errors="0" timestamp="2023-12-01T09:45:59 IST" skipped="0">
  <testcase classname="testP2.TC0012_NegLoginss" name="Neglog" time="19.068"/>
  <testcase classname="testP2.TC0012_NegLoginss" name="Neglog" time="14.007"/>
  <testcase classname="testP2.TC0012_NegLoginss" name="Neglog" time="13.701"/>
</testsuite> <!-- testP2.TC0012_NegLoginss -->
