<?xml version="1.0" encoding="UTF-8"?>
<!-- Generated by org.testng.reporters.JUnitReportReporter -->
<testsuite hostname="LAPTOP-50EOP4VT" failures="0" tests="1" name="testP2.TC0011__MangeBookP2" time="13.734" errors="0" timestamp="2023-11-25T10:54:53 IST" skipped="0">
  <testcase classname="testP2.TC0011__MangeBookP2" name="ManageBooking1" time="13.734"/>
</testsuite> <!-- testP2.TC0011__MangeBookP2 -->
