<?xml version="1.0" encoding="UTF-8"?>
<!-- Generated by org.testng.reporters.JUnitReportReporter -->
<testsuite hostname="LAPTOP-50EOP4VT" failures="0" tests="1" name="testP2.TC0006__InvalidLogin" time="16.832" errors="0" timestamp="2023-11-27T10:18:34 IST" skipped="0">
  <testcase classname="testP2.TC0006__InvalidLogin" name="invalidlogin" time="16.832"/>
</testsuite> <!-- testP2.TC0006__InvalidLogin -->
