<?xml version="1.0" encoding="UTF-8"?>
<!-- Generated by org.testng.reporters.JUnitReportReporter -->
<testsuite hostname="LAPTOP-50EOP4VT" failures="0" tests="1" name="testP2.TC0010__FlightStatusP2" time="23.708" errors="0" timestamp="2023-12-02T10:13:52 IST" skipped="0">
  <testcase classname="testP2.TC0010__FlightStatusP2" name="FlightSta" time="23.708"/>
</testsuite> <!-- testP2.TC0010__FlightStatusP2 -->
