<?xml version="1.0" encoding="UTF-8"?>
<!-- Generated by org.testng.reporters.JUnitReportReporter -->
<testsuite hostname="LAPTOP-50EOP4VT" failures="0" tests="1" name="testP2.TC003__OnewaytriptestP2" time="43.628" errors="0" timestamp="2023-11-19T17:17:20 IST" skipped="0">
  <testcase classname="testP2.TC003__OnewaytriptestP2" name="oneway" time="43.628"/>
</testsuite> <!-- testP2.TC003__OnewaytriptestP2 -->
