<?xml version="1.0" encoding="UTF-8"?>
<!-- Generated by org.testng.reporters.JUnitReportReporter -->
<testsuite hostname="LAPTOP-50EOP4VT" failures="0" tests="1" name="testP2.TC0001__SignuptestP2" time="24.557" errors="0" timestamp="2023-12-01T09:45:59 IST" skipped="0">
  <testcase classname="testP2.TC0001__SignuptestP2" name="Register" time="24.557"/>
</testsuite> <!-- testP2.TC0001__SignuptestP2 -->
