<?xml version="1.0" encoding="UTF-8"?>
<!-- Generated by org.testng.reporters.JUnitReportReporter -->
<testsuite hostname="LAPTOP-50EOP4VT" failures="0" tests="3" name="testP2.TC0013_NegSiginss" time="58.953" errors="0" timestamp="2023-12-09T14:43:37 IST" skipped="0">
  <testcase classname="testP2.TC0013_NegSiginss" name="negSigntest" time="19.187"/>
  <testcase classname="testP2.TC0013_NegSiginss" name="negSigntest" time="20.813"/>
  <testcase classname="testP2.TC0013_NegSiginss" name="negSigntest" time="18.953"/>
</testsuite> <!-- testP2.TC0013_NegSiginss -->
