<?xml version="1.0" encoding="UTF-8"?>
<!-- Generated by org.testng.reporters.JUnitReportReporter -->
<testsuite hostname="LAPTOP-50EOP4VT" failures="0" tests="3" name="testP2.TC0012_NegLoginss" time="49.386" errors="0" timestamp="2023-12-01T21:34:49 IST" skipped="0">
  <testcase classname="testP2.TC0012_NegLoginss" name="Neglog" time="17.055"/>
  <testcase classname="testP2.TC0012_NegLoginss" name="Neglog" time="9.619"/>
  <testcase classname="testP2.TC0012_NegLoginss" name="Neglog" time="22.712"/>
</testsuite> <!-- testP2.TC0012_NegLoginss -->
