<?xml version="1.0" encoding="UTF-8"?>
<!-- Generated by org.testng.reporters.JUnitReportReporter -->
<testsuite hostname="LAPTOP-50EOP4VT" failures="0" tests="1" name="testP2.TC0003__OnewaytriptestP2" time="77.858" errors="0" timestamp="2023-12-04T13:24:53 IST" skipped="0">
  <testcase classname="testP2.TC0003__OnewaytriptestP2" name="oneway" time="77.858"/>
</testsuite> <!-- testP2.TC0003__OnewaytriptestP2 -->
