<?xml version="1.0" encoding="UTF-8"?>
<!-- Generated by org.testng.reporters.JUnitReportReporter -->
<testsuite hostname="LAPTOP-50EOP4VT" failures="0" tests="1" name="testP2.TC0002__LogintestP2" time="14.060" errors="0" timestamp="2023-11-27T10:18:34 IST" skipped="0">
  <testcase classname="testP2.TC0002__LogintestP2" name="Login" time="14.060"/>
</testsuite> <!-- testP2.TC0002__LogintestP2 -->
