<?xml version="1.0" encoding="UTF-8"?>
<!-- Generated by org.testng.reporters.JUnitReportReporter -->
<testsuite hostname="LAPTOP-50EOP4VT" failures="0" tests="1" name="testP2.TC0006__InvalidLogin" time="13.615" errors="0" timestamp="2023-12-01T13:58:04 IST" skipped="0">
  <testcase classname="testP2.TC0006__InvalidLogin" name="invalidlogin" time="13.615"/>
</testsuite> <!-- testP2.TC0006__InvalidLogin -->
