<?xml version="1.0" encoding="UTF-8"?>
<!-- Generated by org.testng.reporters.JUnitReportReporter -->
<testsuite hostname="LAPTOP-50EOP4VT" failures="0" tests="3" name="testP2.TC0012_NegLoginss" time="41.192" errors="0" timestamp="2023-12-09T14:43:37 IST" skipped="0">
  <testcase classname="testP2.TC0012_NegLoginss" name="Neglog" time="13.919"/>
  <testcase classname="testP2.TC0012_NegLoginss" name="Neglog" time="13.673"/>
  <testcase classname="testP2.TC0012_NegLoginss" name="Neglog" time="13.600"/>
</testsuite> <!-- testP2.TC0012_NegLoginss -->
